Running on host: n011.hpc
Job started at: Sun Mar 23 03:35:18 PM KST 2025
Running script: predict_flow_matching.py
Job name: predict_flow_matching
Loading data...
Loaded trajectories shape: (12182, 21, 128)
Initializing model...
Loading model weights...
Starting inference...
Starting inference for 12182 samples...

Results:
Total inference time: 0.84 seconds
Average time per sample: 0.07 milliseconds
Mean Squared Error: 0.000277

Results saved to flow_output/inference_results.txt
Run time:
7 sec
.11 min
0 hour
Job completed at: Sun Mar 23 03:35:25 PM KST 2025
