Running on host: n011.hpc
Job started at: Wed Mar 26 11:44:49 PM KST 2025
Running script: train_flow_matching.py
Job name: train_flow_matching
Loaded trajectories shape: (1523, 2, 6272)
Model parameters: 7221888
Could not load existing model, starting fresh.
Epoch 5/1550, Loss: 219.489936
Epoch 10/1550, Loss: 207.849621
Validation Loss: 203.049872
Epoch 15/1550, Loss: 193.165091
Epoch 20/1550, Loss: 185.607261
Validation Loss: 185.452907
Epoch 25/1550, Loss: 182.188317
Epoch 30/1550, Loss: 178.241322
Validation Loss: 178.399568
Epoch 35/1550, Loss: 177.226368
Epoch 40/1550, Loss: 176.697163
Validation Loss: 175.293760
Epoch 45/1550, Loss: 174.639336
Epoch 50/1550, Loss: 176.859956
Validation Loss: 174.784228
Epoch 55/1550, Loss: 168.503312
Epoch 60/1550, Loss: 164.231496
Validation Loss: 162.510183
Epoch 65/1550, Loss: 156.533290
Epoch 70/1550, Loss: 149.146052
Validation Loss: 149.487542
Epoch 75/1550, Loss: 145.524720
Epoch 80/1550, Loss: 139.765720
Validation Loss: 138.780639
Epoch 85/1550, Loss: 135.941353
Epoch 90/1550, Loss: 131.539587
Validation Loss: 130.457850
Epoch 95/1550, Loss: 128.611702
Epoch 100/1550, Loss: 125.662373
Validation Loss: 124.128898
Epoch 105/1550, Loss: 124.311839
Epoch 110/1550, Loss: 121.537548
Validation Loss: 119.525695
Epoch 115/1550, Loss: 116.236839
Epoch 120/1550, Loss: 117.066190
Validation Loss: 116.573401
Epoch 125/1550, Loss: 116.417424
Epoch 130/1550, Loss: 116.247653
Validation Loss: 114.952285
Epoch 135/1550, Loss: 114.894196
Epoch 140/1550, Loss: 117.913391
Validation Loss: 114.328718
Epoch 145/1550, Loss: 115.788779
Epoch 150/1550, Loss: 118.300105
Validation Loss: 114.230127
Epoch 155/1550, Loss: 112.120333
Epoch 160/1550, Loss: 109.135055
Validation Loss: 105.801952
Epoch 165/1550, Loss: 100.271906
Epoch 170/1550, Loss: 98.403361
Validation Loss: 96.316323
Epoch 175/1550, Loss: 94.180056
Epoch 180/1550, Loss: 90.435730
Validation Loss: 87.271871
Epoch 185/1550, Loss: 84.760668
Epoch 190/1550, Loss: 79.471955
Validation Loss: 78.523389
Epoch 195/1550, Loss: 78.518588
Epoch 200/1550, Loss: 72.127445
Validation Loss: 71.119877
Epoch 205/1550, Loss: 69.705808
Epoch 210/1550, Loss: 65.978573
Validation Loss: 65.357775
Epoch 215/1550, Loss: 64.350015
Epoch 220/1550, Loss: 62.382132
Validation Loss: 60.886680
Epoch 225/1550, Loss: 59.273475
Epoch 230/1550, Loss: 54.380710
Validation Loss: 57.277953
Epoch 235/1550, Loss: 56.958555
Epoch 240/1550, Loss: 53.144881
Validation Loss: 54.204106
Epoch 245/1550, Loss: 53.601498
Epoch 250/1550, Loss: 52.194458
Validation Loss: 51.566783
Epoch 255/1550, Loss: 50.209901
Epoch 260/1550, Loss: 49.700953
Validation Loss: 49.282428
Epoch 265/1550, Loss: 49.265136
Epoch 270/1550, Loss: 45.746253
Validation Loss: 47.446629
Epoch 275/1550, Loss: 48.212227
Epoch 280/1550, Loss: 47.931339
Validation Loss: 45.951178
Epoch 285/1550, Loss: 44.977335
Epoch 290/1550, Loss: 45.708406
Validation Loss: 44.850939
Epoch 295/1550, Loss: 46.247722
Epoch 300/1550, Loss: 43.472534
Validation Loss: 44.003655
Epoch 305/1550, Loss: 42.426233
Epoch 310/1550, Loss: 42.106696
Validation Loss: 43.451193
Epoch 315/1550, Loss: 41.894687
Epoch 320/1550, Loss: 43.330913
Validation Loss: 43.106906
Epoch 325/1550, Loss: 43.180347
Epoch 330/1550, Loss: 43.076154
Validation Loss: 42.920142
Epoch 335/1550, Loss: 42.937674
Epoch 340/1550, Loss: 42.641414
Validation Loss: 42.852493
Epoch 345/1550, Loss: 42.980910
Epoch 350/1550, Loss: 44.495636
Validation Loss: 42.841578
Epoch 355/1550, Loss: 43.046527
Epoch 360/1550, Loss: 42.116875
Validation Loss: 40.075068
Epoch 365/1550, Loss: 37.399976
Epoch 370/1550, Loss: 36.159524
Validation Loss: 36.750430
Epoch 375/1550, Loss: 36.416447
Epoch 380/1550, Loss: 35.590627
Validation Loss: 33.973395
Epoch 385/1550, Loss: 32.158690
Epoch 390/1550, Loss: 30.990216
Validation Loss: 31.491433
Epoch 395/1550, Loss: 31.203545
Epoch 400/1550, Loss: 29.470258
Validation Loss: 29.090979
Epoch 405/1550, Loss: 26.890094
Epoch 410/1550, Loss: 25.415654
Validation Loss: 27.049875
Epoch 415/1550, Loss: 24.902797
Epoch 420/1550, Loss: 23.818274
Validation Loss: 25.332157
Epoch 425/1550, Loss: 23.675876
Epoch 430/1550, Loss: 23.017731
Validation Loss: 23.766149
Epoch 435/1550, Loss: 21.911344
Epoch 440/1550, Loss: 21.062747
Validation Loss: 22.584497
Epoch 445/1550, Loss: 21.043843
Epoch 450/1550, Loss: 20.602363
Validation Loss: 21.868733
