Running on host: n011.hpc
Job started at: Thu Mar 27 10:44:58 PM KST 2025
Running script: train_flow_matching.py
Job name: train_flow_matching
Loaded trajectories shape: (1523, 2, 49, 128)
Model parameters: 4856448
Epoch 5/1550, Loss: 208.348740
Epoch 10/1550, Loss: 186.930436
Validation Loss: 183.471197
Epoch 15/1550, Loss: 161.024712
Epoch 20/1550, Loss: 134.249832
Validation Loss: 132.963672
Epoch 25/1550, Loss: 114.034751
Epoch 30/1550, Loss: 100.891536
Validation Loss: 101.748032
Epoch 35/1550, Loss: 93.892413
Epoch 40/1550, Loss: 88.051287
Validation Loss: 89.268040
Epoch 45/1550, Loss: 86.316014
Epoch 50/1550, Loss: 83.972309
Validation Loss: 87.140267
Epoch 55/1550, Loss: 72.730227
Epoch 60/1550, Loss: 64.422969
Validation Loss: 64.498138
Epoch 65/1550, Loss: 57.048662
Epoch 70/1550, Loss: 49.268216
Validation Loss: 50.242564
Epoch 75/1550, Loss: 45.440694
Epoch 80/1550, Loss: 40.464681
Validation Loss: 41.364008
Epoch 85/1550, Loss: 37.165072
Epoch 90/1550, Loss: 37.057037
Validation Loss: 35.928729
Epoch 95/1550, Loss: 32.733989
Epoch 100/1550, Loss: 30.518060
Validation Loss: 31.660745
Epoch 105/1550, Loss: 29.248141
Epoch 110/1550, Loss: 27.841670
Validation Loss: 28.422552
Epoch 115/1550, Loss: 26.864244
Epoch 120/1550, Loss: 26.873178
Validation Loss: 26.037740
Epoch 125/1550, Loss: 25.387460
Epoch 130/1550, Loss: 25.423176
Validation Loss: 24.375784
Epoch 135/1550, Loss: 23.587036
Epoch 140/1550, Loss: 23.681666
Validation Loss: 23.470058
Epoch 145/1550, Loss: 22.932275
Epoch 150/1550, Loss: 23.279929
Validation Loss: 23.292548
Epoch 155/1550, Loss: 22.832078
Epoch 160/1550, Loss: 22.555543
Validation Loss: 21.757921
Epoch 165/1550, Loss: 22.498621
Epoch 170/1550, Loss: 20.095273
Validation Loss: 19.774700
Epoch 175/1550, Loss: 20.077933
Epoch 180/1550, Loss: 18.281763
Validation Loss: 17.967028
Epoch 185/1550, Loss: 18.044697
Epoch 190/1550, Loss: 16.645501
Validation Loss: 17.249291
Epoch 195/1550, Loss: 15.488790
Epoch 200/1550, Loss: 14.452757
Validation Loss: 14.564296
Epoch 205/1550, Loss: 15.060837
Epoch 210/1550, Loss: 14.248036
Validation Loss: 13.485828
Epoch 215/1550, Loss: 12.806634
Epoch 220/1550, Loss: 13.128912
Validation Loss: 12.633045
Epoch 225/1550, Loss: 12.516258
Epoch 230/1550, Loss: 11.115256
Validation Loss: 11.605262
Epoch 235/1550, Loss: 11.497710
Epoch 240/1550, Loss: 10.607238
Validation Loss: 10.500754
Epoch 245/1550, Loss: 10.219883
Epoch 250/1550, Loss: 9.760387
Validation Loss: 10.076092
Epoch 255/1550, Loss: 9.751149
Epoch 260/1550, Loss: 9.326076
Validation Loss: 9.371612
Epoch 265/1550, Loss: 8.949532
Epoch 270/1550, Loss: 9.423867
Validation Loss: 8.950800
Epoch 275/1550, Loss: 8.142483
Epoch 280/1550, Loss: 7.940572
Validation Loss: 8.486734
Epoch 285/1550, Loss: 8.387098
Epoch 290/1550, Loss: 7.983337
Validation Loss: 8.315345
Epoch 295/1550, Loss: 7.839225
Epoch 300/1550, Loss: 7.301581
Validation Loss: 7.946984
Epoch 305/1550, Loss: 7.517275
Epoch 310/1550, Loss: 7.442846
Validation Loss: 7.773172
Epoch 315/1550, Loss: 7.511404
Epoch 320/1550, Loss: 7.338149
Validation Loss: 7.620600
Epoch 325/1550, Loss: 7.036054
Epoch 330/1550, Loss: 7.357465
Validation Loss: 7.534386
Epoch 335/1550, Loss: 7.125657
Epoch 340/1550, Loss: 7.498343
Validation Loss: 7.497408
Epoch 345/1550, Loss: 7.203778
Epoch 350/1550, Loss: 7.266613
Validation Loss: 7.489224
Epoch 355/1550, Loss: 7.926239
Epoch 360/1550, Loss: 7.558320
Validation Loss: 8.874719
Epoch 365/1550, Loss: 7.740278
Epoch 370/1550, Loss: 7.992789
Validation Loss: 7.709445
Epoch 375/1550, Loss: 8.121183
Epoch 380/1550, Loss: 8.100221
Validation Loss: 7.495122
Epoch 385/1550, Loss: 7.388065
Epoch 390/1550, Loss: 7.599329
Validation Loss: 7.656794
Epoch 395/1550, Loss: 7.165308
Epoch 400/1550, Loss: 7.495915
Validation Loss: 7.819984
Epoch 405/1550, Loss: 7.389808
Epoch 410/1550, Loss: 7.100679
Validation Loss: 7.358808
Epoch 415/1550, Loss: 6.242697
Epoch 420/1550, Loss: 7.000294
Validation Loss: 6.960481
Epoch 425/1550, Loss: 6.102791
Epoch 430/1550, Loss: 6.225916
Validation Loss: 6.760267
Epoch 435/1550, Loss: 6.320838
Epoch 440/1550, Loss: 5.742513
Validation Loss: 6.266238
Epoch 445/1550, Loss: 6.059707
Epoch 450/1550, Loss: 5.902612
Validation Loss: 6.053844
Epoch 455/1550, Loss: 5.524576
Epoch 460/1550, Loss: 5.268861
Validation Loss: 5.884549
Epoch 465/1550, Loss: 5.291252
Epoch 470/1550, Loss: 5.206292
Validation Loss: 5.457553
Epoch 475/1550, Loss: 4.819019
Epoch 480/1550, Loss: 4.894347
Validation Loss: 5.427723
Epoch 485/1550, Loss: 4.961405
Epoch 490/1550, Loss: 4.657041
Validation Loss: 5.039979
Epoch 495/1550, Loss: 4.461224
Epoch 500/1550, Loss: 4.598126
Validation Loss: 5.282682
Epoch 505/1550, Loss: 4.416972
Epoch 510/1550, Loss: 4.379524
Validation Loss: 4.812287
Epoch 515/1550, Loss: 4.513170
Epoch 520/1550, Loss: 4.204989
Validation Loss: 4.801098
Epoch 525/1550, Loss: 4.510115
Epoch 530/1550, Loss: 4.313072
Validation Loss: 4.714323
Epoch 535/1550, Loss: 4.086438
Epoch 540/1550, Loss: 3.846711
Validation Loss: 4.418945
Epoch 545/1550, Loss: 3.739473
Epoch 550/1550, Loss: 3.814803
Validation Loss: 4.332508
Epoch 555/1550, Loss: 3.606936
Epoch 560/1550, Loss: 3.635962
Validation Loss: 4.215345
Epoch 565/1550, Loss: 3.612840
Epoch 570/1550, Loss: 3.505005
Validation Loss: 4.152558
Epoch 575/1550, Loss: 3.487554
Epoch 580/1550, Loss: 3.645125
Validation Loss: 4.057781
Epoch 585/1550, Loss: 3.456592
Epoch 590/1550, Loss: 3.488200
Validation Loss: 3.978753
Epoch 595/1550, Loss: 3.619803
Epoch 600/1550, Loss: 3.251315
Validation Loss: 3.908138
Epoch 605/1550, Loss: 3.404854
Epoch 610/1550, Loss: 3.188364
Validation Loss: 3.807945
Epoch 615/1550, Loss: 3.421122
Epoch 620/1550, Loss: 3.255856
Validation Loss: 3.784516
Epoch 625/1550, Loss: 3.151991
Epoch 630/1550, Loss: 3.084268
Validation Loss: 3.700929
Epoch 635/1550, Loss: 3.163443
Epoch 640/1550, Loss: 3.213149
Validation Loss: 3.646775
Epoch 645/1550, Loss: 3.023077
Epoch 650/1550, Loss: 3.157751
Validation Loss: 3.609517
Epoch 655/1550, Loss: 2.940069
Epoch 660/1550, Loss: 3.016064
Validation Loss: 3.551338
Epoch 665/1550, Loss: 3.106987
Epoch 670/1550, Loss: 3.057696
Validation Loss: 3.495692
Epoch 675/1550, Loss: 2.982400
Epoch 680/1550, Loss: 2.960833
Validation Loss: 3.475508
Epoch 685/1550, Loss: 2.937360
Epoch 690/1550, Loss: 2.949251
Validation Loss: 3.444785
Epoch 695/1550, Loss: 3.077965
Epoch 700/1550, Loss: 2.846972
Validation Loss: 3.427388
Epoch 705/1550, Loss: 2.937114
Epoch 710/1550, Loss: 2.871455
Validation Loss: 3.413631
Epoch 715/1550, Loss: 3.052095
Epoch 720/1550, Loss: 2.805883
Validation Loss: 3.398671
Epoch 725/1550, Loss: 2.809529
Epoch 730/1550, Loss: 2.820143
Validation Loss: 3.394483
Epoch 735/1550, Loss: 3.000147
Epoch 740/1550, Loss: 2.894966
Validation Loss: 3.394430
Epoch 745/1550, Loss: 2.819115
Epoch 750/1550, Loss: 2.867387
Validation Loss: 3.391430
Epoch 755/1550, Loss: 3.002254
Epoch 760/1550, Loss: 3.229363
Validation Loss: 4.219147
Epoch 765/1550, Loss: 3.401955
Epoch 770/1550, Loss: 3.144530
Validation Loss: 3.772380
Epoch 775/1550, Loss: 3.048988
Epoch 780/1550, Loss: 3.127116
Validation Loss: 3.717194
Epoch 785/1550, Loss: 3.250814
Epoch 790/1550, Loss: 3.063602
Validation Loss: 3.777636
Epoch 795/1550, Loss: 3.075276
Epoch 800/1550, Loss: 3.053108
Validation Loss: 3.728416
Epoch 805/1550, Loss: 3.457464
Epoch 810/1550, Loss: 3.019431
Validation Loss: 3.694250
Epoch 815/1550, Loss: 3.229251
Epoch 820/1550, Loss: 2.877714
Validation Loss: 3.545949
Epoch 825/1550, Loss: 3.101974
Epoch 830/1550, Loss: 2.917091
Validation Loss: 3.737739
Epoch 835/1550, Loss: 2.994362
Epoch 840/1550, Loss: 2.986510
Validation Loss: 3.728859
Epoch 845/1550, Loss: 2.988334
Epoch 850/1550, Loss: 2.694978
Validation Loss: 3.264542
Epoch 855/1550, Loss: 2.959907
Epoch 860/1550, Loss: 2.861021
Validation Loss: 3.469305
Epoch 865/1550, Loss: 2.710580
Epoch 870/1550, Loss: 2.739245
Validation Loss: 3.317078
Epoch 875/1550, Loss: 2.622842
Epoch 880/1550, Loss: 2.698504
Validation Loss: 3.473631
Epoch 885/1550, Loss: 2.658623
Epoch 890/1550, Loss: 2.567767
Validation Loss: 3.271686
Epoch 895/1550, Loss: 2.489285
Epoch 900/1550, Loss: 2.454397
Validation Loss: 3.128563
Epoch 905/1550, Loss: 2.509136
Epoch 910/1550, Loss: 2.513342
Validation Loss: 3.306673
Epoch 915/1550, Loss: 2.409699
Epoch 920/1550, Loss: 2.371857
Validation Loss: 2.977569
Epoch 925/1550, Loss: 2.483253
Epoch 930/1550, Loss: 2.885511
Validation Loss: 3.387265
Epoch 935/1550, Loss: 2.333070
Epoch 940/1550, Loss: 2.246815
Validation Loss: 2.924369
Epoch 945/1550, Loss: 2.342340
Epoch 950/1550, Loss: 2.230857
Validation Loss: 2.764789
Epoch 955/1550, Loss: 2.277573
Epoch 960/1550, Loss: 2.310282
Validation Loss: 3.176388
Epoch 965/1550, Loss: 2.123981
Epoch 970/1550, Loss: 2.147133
Validation Loss: 2.743685
Epoch 975/1550, Loss: 2.118953
Epoch 980/1550, Loss: 2.069530
Validation Loss: 3.030409
Epoch 985/1550, Loss: 2.093382
Epoch 990/1550, Loss: 2.058384
Validation Loss: 2.745142
Epoch 995/1550, Loss: 2.014625
Epoch 1000/1550, Loss: 1.956396
Validation Loss: 2.617363
Epoch 1005/1550, Loss: 2.011288
Epoch 1010/1550, Loss: 2.087975
Validation Loss: 2.606181
Epoch 1015/1550, Loss: 1.902774
Epoch 1020/1550, Loss: 2.050636
Validation Loss: 2.590325
Epoch 1025/1550, Loss: 1.898709
Epoch 1030/1550, Loss: 2.016336
Validation Loss: 2.592472
Epoch 1035/1550, Loss: 1.933889
Epoch 1040/1550, Loss: 1.904928
Validation Loss: 2.604737
Epoch 1045/1550, Loss: 1.884184
Epoch 1050/1550, Loss: 1.861451
Validation Loss: 2.550044
Epoch 1055/1550, Loss: 1.823336
Epoch 1060/1550, Loss: 1.855612
Validation Loss: 2.494840
Epoch 1065/1550, Loss: 1.743794
Epoch 1070/1550, Loss: 1.864037
Validation Loss: 2.408581
Epoch 1075/1550, Loss: 1.750995
Epoch 1080/1550, Loss: 1.721138
Validation Loss: 2.311998
Epoch 1085/1550, Loss: 1.782851
Epoch 1090/1550, Loss: 1.653984
Validation Loss: 2.300757
Epoch 1095/1550, Loss: 1.689245
Epoch 1100/1550, Loss: 1.717044
Validation Loss: 2.313366
Epoch 1105/1550, Loss: 1.713185
Epoch 1110/1550, Loss: 1.602725
Validation Loss: 2.244825
Epoch 1115/1550, Loss: 1.636049
Epoch 1120/1550, Loss: 1.690411
Validation Loss: 2.272122
Epoch 1125/1550, Loss: 1.565862
Epoch 1130/1550, Loss: 1.559769
Validation Loss: 2.164095
Epoch 1135/1550, Loss: 1.582798
Epoch 1140/1550, Loss: 1.559402
Validation Loss: 2.128800
Epoch 1145/1550, Loss: 1.568195
Epoch 1150/1550, Loss: 1.476301
Validation Loss: 2.096356
Epoch 1155/1550, Loss: 1.516034
Epoch 1160/1550, Loss: 1.469246
Validation Loss: 2.124870
Epoch 1165/1550, Loss: 1.477409
Epoch 1170/1550, Loss: 1.496591
Validation Loss: 2.059825
Epoch 1175/1550, Loss: 1.469615
Epoch 1180/1550, Loss: 1.426076
Validation Loss: 2.018979
Epoch 1185/1550, Loss: 1.422926
Epoch 1190/1550, Loss: 1.441900
Validation Loss: 2.025314
Epoch 1195/1550, Loss: 1.425534
Epoch 1200/1550, Loss: 1.373624
Validation Loss: 2.096383
Epoch 1205/1550, Loss: 1.377258
Epoch 1210/1550, Loss: 1.438099
Validation Loss: 1.980011
Epoch 1215/1550, Loss: 1.426785
Epoch 1220/1550, Loss: 1.342254
Validation Loss: 1.953326
Epoch 1225/1550, Loss: 1.374223
Epoch 1230/1550, Loss: 1.380543
Validation Loss: 1.925743
Epoch 1235/1550, Loss: 1.355837
Epoch 1240/1550, Loss: 1.314015
Validation Loss: 1.916733
Epoch 1245/1550, Loss: 1.324358
Epoch 1250/1550, Loss: 1.297775
Validation Loss: 1.867614
Epoch 1255/1550, Loss: 1.321111
Epoch 1260/1550, Loss: 1.355703
Validation Loss: 1.894915
Epoch 1265/1550, Loss: 1.298364
Epoch 1270/1550, Loss: 1.314046
Validation Loss: 1.844157
Epoch 1275/1550, Loss: 1.269949
Epoch 1280/1550, Loss: 1.297175
Validation Loss: 1.836033
Epoch 1285/1550, Loss: 1.234293
Epoch 1290/1550, Loss: 1.269749
Validation Loss: 1.822315
Epoch 1295/1550, Loss: 1.267728
Epoch 1300/1550, Loss: 1.241239
Validation Loss: 1.831255
Epoch 1305/1550, Loss: 1.254124
Epoch 1310/1550, Loss: 1.200042
Validation Loss: 1.788830
Epoch 1315/1550, Loss: 1.240125
Epoch 1320/1550, Loss: 1.217558
Validation Loss: 1.774346
Epoch 1325/1550, Loss: 1.216929
Epoch 1330/1550, Loss: 1.196682
Validation Loss: 1.761339
Epoch 1335/1550, Loss: 1.177568
Epoch 1340/1550, Loss: 1.212438
Validation Loss: 1.744974
Epoch 1345/1550, Loss: 1.182715
Epoch 1350/1550, Loss: 1.220325
Validation Loss: 1.721852
Epoch 1355/1550, Loss: 1.143716
Epoch 1360/1550, Loss: 1.167605
Validation Loss: 1.714221
Epoch 1365/1550, Loss: 1.183602
Epoch 1370/1550, Loss: 1.147482
Validation Loss: 1.688379
Epoch 1375/1550, Loss: 1.149755
Epoch 1380/1550, Loss: 1.166015
Validation Loss: 1.680217
Epoch 1385/1550, Loss: 1.186557
Epoch 1390/1550, Loss: 1.136498
Validation Loss: 1.669009
Epoch 1395/1550, Loss: 1.160906
Epoch 1400/1550, Loss: 1.101856
Validation Loss: 1.663186
Epoch 1405/1550, Loss: 1.157027
Epoch 1410/1550, Loss: 1.160056
Validation Loss: 1.653215
Epoch 1415/1550, Loss: 1.112361
Epoch 1420/1550, Loss: 1.127745
Validation Loss: 1.648619
Epoch 1425/1550, Loss: 1.146952
Epoch 1430/1550, Loss: 1.169713
Validation Loss: 1.635617
Epoch 1435/1550, Loss: 1.148238
Epoch 1440/1550, Loss: 1.143077
Validation Loss: 1.632791
Epoch 1445/1550, Loss: 1.119498
Epoch 1450/1550, Loss: 1.125220
Validation Loss: 1.627873
Epoch 1455/1550, Loss: 1.165598
Epoch 1460/1550, Loss: 1.123133
Validation Loss: 1.623641
Epoch 1465/1550, Loss: 1.087735
Epoch 1470/1550, Loss: 1.140691
Validation Loss: 1.615714
Epoch 1475/1550, Loss: 1.051300
Epoch 1480/1550, Loss: 1.084124
Validation Loss: 1.609310
Epoch 1485/1550, Loss: 1.108615
Epoch 1490/1550, Loss: 1.100963
Validation Loss: 1.610004
Epoch 1495/1550, Loss: 1.102038
Epoch 1500/1550, Loss: 1.071328
Validation Loss: 1.609199
Epoch 1505/1550, Loss: 1.087828
Epoch 1510/1550, Loss: 1.099782
Validation Loss: 1.605393
Epoch 1515/1550, Loss: 1.137575
Epoch 1520/1550, Loss: 1.135805
Validation Loss: 1.607568
Epoch 1525/1550, Loss: 1.106176
Epoch 1530/1550, Loss: 1.079084
Validation Loss: 1.605486
Epoch 1535/1550, Loss: 1.114384
Epoch 1540/1550, Loss: 1.110340
Validation Loss: 1.605398
Epoch 1545/1550, Loss: 1.061769
Epoch 1550/1550, Loss: 1.122113
Validation Loss: 1.605323
Training completed and model saved!
Run time:
1512 sec
25.20 min
.42 hour
Job completed at: Thu Mar 27 11:10:10 PM KST 2025
