Running on host: n011.hpc
Job started at: Sat Mar 22 12:13:41 PM KST 2025
Running script: train_flow_matching.py
Job name: train_flow_matching
Loaded trajectories shape: (12182, 21, 128)
Model parameters: 2824064
Could not load existing model, starting fresh.
Epoch 5/1000, Loss: 0.002105
Epoch 10/1000, Loss: 0.001733
Validation Loss: 0.001035
Epoch 15/1000, Loss: 0.000936
Epoch 20/1000, Loss: 0.000423
Validation Loss: 0.000441
Epoch 25/1000, Loss: 0.000687
Epoch 30/1000, Loss: 0.000323
Validation Loss: 0.000344
Epoch 35/1000, Loss: 0.000283
Epoch 40/1000, Loss: 0.000262
Validation Loss: 0.000294
Epoch 45/1000, Loss: 0.000249
Epoch 50/1000, Loss: 0.000244
Validation Loss: 0.000280
Epoch 55/1000, Loss: 0.001067
Epoch 60/1000, Loss: 0.000653
Validation Loss: 0.001428
Epoch 65/1000, Loss: 0.000349
Epoch 70/1000, Loss: 0.000326
Validation Loss: 0.000338
Epoch 75/1000, Loss: 0.000279
Epoch 80/1000, Loss: 0.000329
Validation Loss: 0.000338
Epoch 85/1000, Loss: 0.000287
Epoch 90/1000, Loss: 0.000315
Validation Loss: 0.000334
Epoch 95/1000, Loss: 0.000253
Epoch 100/1000, Loss: 0.000248
Validation Loss: 0.000279
Epoch 105/1000, Loss: 0.000224
Epoch 110/1000, Loss: 0.000219
Validation Loss: 0.000245
Epoch 115/1000, Loss: 0.000197
Epoch 120/1000, Loss: 0.000190
Validation Loss: 0.000225
Epoch 125/1000, Loss: 0.000180
Epoch 130/1000, Loss: 0.000172
Validation Loss: 0.000213
Epoch 135/1000, Loss: 0.000169
Epoch 140/1000, Loss: 0.000165
Validation Loss: 0.000208
Epoch 145/1000, Loss: 0.000163
Epoch 150/1000, Loss: 0.000164
Validation Loss: 0.000206
Epoch 155/1000, Loss: 0.000540
Epoch 160/1000, Loss: 0.000287
Validation Loss: 0.000297
Epoch 165/1000, Loss: 0.000422
Epoch 170/1000, Loss: 0.000291
Validation Loss: 0.000306
Epoch 175/1000, Loss: 0.000328
Epoch 180/1000, Loss: 0.000289
Validation Loss: 0.000327
Epoch 185/1000, Loss: 0.000265
Epoch 190/1000, Loss: 0.000259
Validation Loss: 0.000281
Epoch 195/1000, Loss: 0.000251
Epoch 200/1000, Loss: 0.000242
Validation Loss: 0.000272
Epoch 205/1000, Loss: 0.000292
Epoch 210/1000, Loss: 0.000247
Validation Loss: 0.000280
Epoch 215/1000, Loss: 0.000221
Epoch 220/1000, Loss: 0.000210
Validation Loss: 0.000243
Epoch 225/1000, Loss: 0.000222
Epoch 230/1000, Loss: 0.000199
Validation Loss: 0.000238
Epoch 235/1000, Loss: 0.000202
Epoch 240/1000, Loss: 0.000185
Validation Loss: 0.000227
Epoch 245/1000, Loss: 0.000179
Epoch 250/1000, Loss: 0.000165
Validation Loss: 0.000208
Epoch 255/1000, Loss: 0.000215
Epoch 260/1000, Loss: 0.000167
Validation Loss: 0.000207
Epoch 265/1000, Loss: 0.000151
Epoch 270/1000, Loss: 0.000155
Validation Loss: 0.000197
Epoch 275/1000, Loss: 0.000145
Epoch 280/1000, Loss: 0.000139
Validation Loss: 0.000189
Epoch 285/1000, Loss: 0.000138
Epoch 290/1000, Loss: 0.000140
Validation Loss: 0.000184
Epoch 295/1000, Loss: 0.000132
Epoch 300/1000, Loss: 0.000126
Validation Loss: 0.000178
Epoch 305/1000, Loss: 0.000125
Epoch 310/1000, Loss: 0.000122
Validation Loss: 0.000175
Epoch 315/1000, Loss: 0.000121
Epoch 320/1000, Loss: 0.000119
Validation Loss: 0.000173
Epoch 325/1000, Loss: 0.000117
Epoch 330/1000, Loss: 0.000118
Validation Loss: 0.000172
Epoch 335/1000, Loss: 0.000118
Epoch 340/1000, Loss: 0.000117
Validation Loss: 0.000171
Epoch 345/1000, Loss: 0.000116
Epoch 350/1000, Loss: 0.000117
Validation Loss: 0.000171
Epoch 355/1000, Loss: 0.000270
Epoch 360/1000, Loss: 0.000316
Validation Loss: 0.000314
Epoch 365/1000, Loss: 0.000634
Epoch 370/1000, Loss: 0.000290
Validation Loss: 0.000292
Epoch 375/1000, Loss: 0.001281
Epoch 380/1000, Loss: 0.000665
Validation Loss: 0.001106
Epoch 385/1000, Loss: 0.000312
Epoch 390/1000, Loss: 0.000541
Validation Loss: 0.000348
Epoch 395/1000, Loss: 0.000354
Epoch 400/1000, Loss: 0.000247
Validation Loss: 0.000281
Epoch 405/1000, Loss: 0.000852
Epoch 410/1000, Loss: 0.000327
Validation Loss: 0.000324
Epoch 415/1000, Loss: 0.000299
Epoch 420/1000, Loss: 0.000204
Validation Loss: 0.000241
Epoch 425/1000, Loss: 0.000246
Epoch 430/1000, Loss: 0.000397
Validation Loss: 0.000321
Epoch 435/1000, Loss: 0.000556
Epoch 440/1000, Loss: 0.000543
Validation Loss: 0.000469
Epoch 445/1000, Loss: 0.000202
Epoch 450/1000, Loss: 0.000214
Validation Loss: 0.000252
Epoch 455/1000, Loss: 0.000210
Epoch 460/1000, Loss: 0.000205
Validation Loss: 0.000244
Epoch 465/1000, Loss: 0.000232
Epoch 470/1000, Loss: 0.000184
Validation Loss: 0.000226
Epoch 475/1000, Loss: 0.000210
Epoch 480/1000, Loss: 0.000972
Validation Loss: 0.001193
Epoch 485/1000, Loss: 0.000219
Epoch 490/1000, Loss: 0.000445
Validation Loss: 0.000365
Epoch 495/1000, Loss: 0.000189
Epoch 500/1000, Loss: 0.000268
Validation Loss: 0.000276
Epoch 505/1000, Loss: 0.000174
Epoch 510/1000, Loss: 0.000241
Validation Loss: 0.000273
Epoch 515/1000, Loss: 0.000170
Epoch 520/1000, Loss: 0.000194
Validation Loss: 0.000235
Epoch 525/1000, Loss: 0.000176
Epoch 530/1000, Loss: 0.000165
Validation Loss: 0.000211
Epoch 535/1000, Loss: 0.000153
Epoch 540/1000, Loss: 0.000778
Validation Loss: 0.001776
Epoch 545/1000, Loss: 0.000797
Epoch 550/1000, Loss: 0.000173
Validation Loss: 0.000217
Epoch 555/1000, Loss: 0.000151
Epoch 560/1000, Loss: 0.000153
Validation Loss: 0.000195
Epoch 565/1000, Loss: 0.000146
Epoch 570/1000, Loss: 0.000140
Validation Loss: 0.000189
Epoch 575/1000, Loss: 0.000135
Epoch 580/1000, Loss: 0.000236
Validation Loss: 0.000246
Epoch 585/1000, Loss: 0.000137
Epoch 590/1000, Loss: 0.000128
Validation Loss: 0.000183
Epoch 595/1000, Loss: 0.000127
Epoch 600/1000, Loss: 0.000134
Validation Loss: 0.000182
Epoch 605/1000, Loss: 0.000128
Epoch 610/1000, Loss: 0.000120
Validation Loss: 0.000175
Epoch 615/1000, Loss: 0.000120
Epoch 620/1000, Loss: 0.000115
Validation Loss: 0.000173
Epoch 625/1000, Loss: 0.000116
Epoch 630/1000, Loss: 0.000111
Validation Loss: 0.000171
Epoch 635/1000, Loss: 0.000110
Epoch 640/1000, Loss: 0.000110
Validation Loss: 0.000169
Epoch 645/1000, Loss: 0.000108
Epoch 650/1000, Loss: 0.000106
Validation Loss: 0.000167
Epoch 655/1000, Loss: 0.000107
Epoch 660/1000, Loss: 0.000104
Validation Loss: 0.000165
Epoch 665/1000, Loss: 0.000103
Epoch 670/1000, Loss: 0.000102
Validation Loss: 0.000164
Epoch 675/1000, Loss: 0.000102
Epoch 680/1000, Loss: 0.000101
Validation Loss: 0.000163
Epoch 685/1000, Loss: 0.000099
Epoch 690/1000, Loss: 0.000101
Validation Loss: 0.000162
Epoch 695/1000, Loss: 0.000099
Epoch 700/1000, Loss: 0.000099
Validation Loss: 0.000162
Epoch 705/1000, Loss: 0.000100
Epoch 710/1000, Loss: 0.000098
Validation Loss: 0.000161
Epoch 715/1000, Loss: 0.000099
Epoch 720/1000, Loss: 0.000098
Validation Loss: 0.000161
Epoch 725/1000, Loss: 0.000097
Epoch 730/1000, Loss: 0.000097
Validation Loss: 0.000161
Epoch 735/1000, Loss: 0.000099
Epoch 740/1000, Loss: 0.000097
Validation Loss: 0.000161
Epoch 745/1000, Loss: 0.000097
Epoch 750/1000, Loss: 0.000098
Validation Loss: 0.000161
Epoch 755/1000, Loss: 0.000428
Epoch 760/1000, Loss: 0.000350
Validation Loss: 0.000299
Epoch 765/1000, Loss: 0.001565
Epoch 770/1000, Loss: 0.000283
Validation Loss: 0.000304
Epoch 775/1000, Loss: 0.000332
Epoch 780/1000, Loss: 0.000183
Validation Loss: 0.000227
Epoch 785/1000, Loss: 0.000319
Epoch 790/1000, Loss: 0.000663
Validation Loss: 0.000372
Epoch 795/1000, Loss: 0.000203
Epoch 800/1000, Loss: 0.000873
Validation Loss: 0.000539
Epoch 805/1000, Loss: 0.000233
Epoch 810/1000, Loss: 0.000719
Validation Loss: 0.000676
Epoch 815/1000, Loss: 0.000252
Epoch 820/1000, Loss: 0.000212
Validation Loss: 0.000251
Epoch 825/1000, Loss: 0.000230
Epoch 830/1000, Loss: 0.000416
Validation Loss: 0.000597
Epoch 835/1000, Loss: 0.000212
Epoch 840/1000, Loss: 0.000912
Validation Loss: 0.000508
Epoch 845/1000, Loss: 0.000189
Epoch 850/1000, Loss: 0.000171
Validation Loss: 0.000214
Epoch 855/1000, Loss: 0.000452
Epoch 860/1000, Loss: 0.000461
Validation Loss: 0.000399
Epoch 865/1000, Loss: 0.000196
Epoch 870/1000, Loss: 0.000664
Validation Loss: 0.000915
Epoch 875/1000, Loss: 0.000230
Epoch 880/1000, Loss: 0.000286
Validation Loss: 0.000305
Epoch 885/1000, Loss: 0.000315
Epoch 890/1000, Loss: 0.000203
Validation Loss: 0.000244
Epoch 895/1000, Loss: 0.000231
Epoch 900/1000, Loss: 0.000187
Validation Loss: 0.000236
Epoch 905/1000, Loss: 0.000208
Epoch 910/1000, Loss: 0.000181
Validation Loss: 0.000221
Epoch 915/1000, Loss: 0.000359
Epoch 920/1000, Loss: 0.000506
Validation Loss: 0.000465
Epoch 925/1000, Loss: 0.000234
Epoch 930/1000, Loss: 0.000183
Validation Loss: 0.000224
Epoch 935/1000, Loss: 0.000156
Epoch 940/1000, Loss: 0.000872
Validation Loss: 0.000549
Epoch 945/1000, Loss: 0.000235
Epoch 950/1000, Loss: 0.000161
Validation Loss: 0.000213
Epoch 955/1000, Loss: 0.000208
Epoch 960/1000, Loss: 0.000156
Validation Loss: 0.000209
Epoch 965/1000, Loss: 0.000171
Epoch 970/1000, Loss: 0.001195
Validation Loss: 0.000608
Epoch 975/1000, Loss: 0.000415
Epoch 980/1000, Loss: 0.000181
Validation Loss: 0.000227
Epoch 985/1000, Loss: 0.000422
Epoch 990/1000, Loss: 0.000565
Validation Loss: 0.001013
Epoch 995/1000, Loss: 0.000178
Epoch 1000/1000, Loss: 0.000202
Validation Loss: 0.000236
Training completed and model saved!
Run time:
16631 sec
277.18 min
4.61 hour
Job completed at: Sat Mar 22 04:50:52 PM KST 2025
